This is pdfTeX, Version 3.14159265-2.6-1.40.20 (TeX Live 2019) (preloaded format=pdflatex 2019.10.22)  22 OCT 2019 09:04
entering extended mode
 restricted \write18 enabled.
 %&-line parsing enabled.
**praca.tex
(./praca.tex
LaTeX2e <2019-10-01>
(./dyplom.cls
Document Class: dyplom 

! LaTeX Error: File `mwrep.cls' not found.

Type X to quit or <RETURN> to proceed,
or enter new name. (Default extension: cls)

Enter file name: 
! Emergency stop.
<read *> 
         
l.33 \fi
        ^^M
*** (cannot \read from terminal in nonstop modes)

 
Here is how much of TeX's memory you used:
 38 strings out of 493610
 475 string characters out of 6159292
 56341 words of memory out of 5000000
 4288 multiletter control sequences out of 15000+600000
 3640 words of font info for 14 fonts, out of 8000000 for 9000
 319 hyphenation exceptions out of 8191
 18i,0n,21p,120b,10s stack positions out of 5000i,500n,10000p,200000b,80000s
!  ==> Fatal error occurred, no output PDF file produced!
